<?xml version="1.0" encoding="utf-8"?><testsuites name="pytest tests"><testsuite name="pytest" errors="0" failures="2" skipped="0" tests="87" time="135.827" timestamp="2026-09-12T11:01:46.226524-07:00" hostname="Mac"><testcase classname="tests.test_research" name="test_research_writes_packet_and_moves_to_explore" time="0.949" /><testcase classname="tests.test_research" name="test_research_projection_failure_preserves_packet_without_fake_revision" time="0.936" /><testcase classname="tests.test_research" name="test_research_uses_the_disposable_index_for_internal_sources" time="0.803" /><testcase classname="tests.test_research" name="test_mock_research_is_labeled_and_not_filed_as_substantive_analysis" time="0.751" /><testcase classname="tests.test_research" name="test_repeated_research_reuses_open_review_item" time="1.247" /><testcase classname="tests.test_research" name="test_completed_research_review_gets_new_item_on_next_run" time="1.492" /><testcase classname="tests.test_research" name="test_research_preserves_later_workflow_stages[explore]" time="0.973" /><testcase classname="tests.test_research" name="test_research_preserves_later_workflow_stages[generate]" time="1.032" /><testcase classname="tests.test_research" name="test_research_preserves_later_workflow_stages[respond]" time="0.979" /><testcase classname="tests.test_research" name="test_external_provider_hang_uses_one_total_budget_and_saves_partial_packet" time="0.693"><failure message="TimeoutError">app_context = &lt;app.runtime.AppContext object at 0x109ba0320&gt;
matter_id = 'MAT-DEMO-ORBIT', question = 'Which rules control?'
kwargs = {'change_stage': False}

    async def external_research(app_context, matter_id, question="", **kwargs):
        """These legacy retrieval tests explicitly opt into the configured providers."""
&gt;       return await app_context.research.run(
            matter_id, question, search_scope=ResearchScope(
                external=True, public_query=question,
                provider_ids=app_context.research.search_options()["provider_ids"],
            ), execution_version=1, **kwargs,
        )

tests/test_research.py:23: 
_ _ _ _ _ _ _ _ _ _ _ _ _ _ _ _ _ _ _ _ _ _ _ _ _ _ _ _ _ _ _ _ _ _ _ _ _ _ _ _ 
app/services/research.py:636: in run
    await self.index.rebuild_async()
app/services/index.py:138: in rebuild_async
    return await asyncio.to_thread(self.rebuild)
           ^^^^^^^^^^^^^^^^^^^^^^^^^^^^^^^^^^^^^
_ _ _ _ _ _ _ _ _ _ _ _ _ _ _ _ _ _ _ _ _ _ _ _ _ _ _ _ _ _ _ _ _ _ _ _ _ _ _ _ 

func = &lt;bound method IndexService.rebuild of &lt;app.services.index.IndexService object at 0x109f67cb0&gt;&gt;
args = (), kwargs = {}
loop = &lt;_UnixSelectorEventLoop running=False closed=False debug=False&gt;
ctx = &lt;_contextvars.Context object at 0x109dc6ec0&gt;
func_call = functools.partial(&lt;built-in method run of _contextvars.Context object at 0x109dc6ec0&gt;, &lt;bound method IndexService.rebuild of &lt;app.services.index.IndexService object at 0x109f67cb0&gt;&gt;)

    async def to_thread(func, /, *args, **kwargs):
        """Asynchronously run function *func* in a separate thread.
    
        Any *args and **kwargs supplied for this function are directly passed
        to *func*. Also, the current :class:`contextvars.Context` is propagated,
        allowing context variables from the main thread to be accessed in the
        separate thread.
    
        Return a coroutine that can be awaited to get the eventual result of *func*.
        """
        loop = events.get_running_loop()
        ctx = contextvars.copy_context()
        func_call = functools.partial(ctx.run, func, *args, **kwargs)
&gt;       return await loop.run_in_executor(None, func_call)
               ^^^^^^^^^^^^^^^^^^^^^^^^^^^^^^^^^^^^^^^^^^^
E       asyncio.exceptions.CancelledError

../../../.local/share/uv/python/cpython-3.12.13-macos-aarch64-none/lib/python3.12/asyncio/threads.py:25: CancelledError

The above exception was the direct cause of the following exception:

app_context = &lt;app.runtime.AppContext object at 0x109ba0320&gt;

    @pytest.mark.asyncio
    async def test_external_provider_hang_uses_one_total_budget_and_saves_partial_packet(app_context):
        entered = asyncio.Event()
    
        async def hanging_search(*args, **kwargs):
            entered.set()
            await asyncio.Event().wait()
    
        app_context.research.search.search_external = hanging_search
        app_context.research.configure({
            "primary_external_provider": "tavily",
            "fallback_external_provider": "none",
            "external_timeout_seconds": 0.02,
        })
    
&gt;       result = await asyncio.wait_for(
            external_research(
                app_context, "MAT-DEMO-ORBIT", "Which rules control?", change_stage=False
            ),
            timeout=0.3,
        )

tests/test_research.py:174: 
_ _ _ _ _ _ _ _ _ _ _ _ _ _ _ _ _ _ _ _ _ _ _ _ _ _ _ _ _ _ _ _ _ _ _ _ _ _ _ _ 
../../../.local/share/uv/python/cpython-3.12.13-macos-aarch64-none/lib/python3.12/asyncio/tasks.py:519: in wait_for
    async with timeouts.timeout(timeout):
               ^^^^^^^^^^^^^^^^^^^^^^^^^
_ _ _ _ _ _ _ _ _ _ _ _ _ _ _ _ _ _ _ _ _ _ _ _ _ _ _ _ _ _ _ _ _ _ _ _ _ _ _ _ 

self = &lt;Timeout [expired]&gt;
exc_type = &lt;class 'asyncio.exceptions.CancelledError'&gt;
exc_val = CancelledError(), exc_tb = &lt;traceback object at 0x10a286ec0&gt;

    async def __aexit__(
        self,
        exc_type: Optional[Type[BaseException]],
        exc_val: Optional[BaseException],
        exc_tb: Optional[TracebackType],
    ) -&gt; Optional[bool]:
        assert self._state in (_State.ENTERED, _State.EXPIRING)
    
        if self._timeout_handler is not None:
            self._timeout_handler.cancel()
            self._timeout_handler = None
    
        if self._state is _State.EXPIRING:
            self._state = _State.EXPIRED
    
            if self._task.uncancel() &lt;= self._cancelling and exc_type is exceptions.CancelledError:
                # Since there are no new cancel requests, we're
                # handling this.
&gt;               raise TimeoutError from exc_val
E               TimeoutError

../../../.local/share/uv/python/cpython-3.12.13-macos-aarch64-none/lib/python3.12/asyncio/timeouts.py:115: TimeoutError</failure></testcase><testcase classname="tests.test_research" name="test_timeout_research_run_finishes_and_does_not_move_respond_backward" time="1.177"><failure message="TimeoutError">fut = &lt;coroutine object ResearchRunService.wait at 0x10a2fc450&gt;, timeout = 0.4

    async def wait_for(fut, timeout):
        """Wait for the single Future or coroutine to complete, with timeout.
    
        Coroutine will be wrapped in Task.
    
        Returns result of the Future or coroutine.  When a timeout occurs,
        it cancels the task and raises TimeoutError.  To avoid the task
        cancellation, wrap it in shield().
    
        If the wait is cancelled, the task is also cancelled.
    
        If the task suppresses the cancellation and returns a value instead,
        that value is returned.
    
        This function is a coroutine.
        """
        # The special case for timeout &lt;= 0 is for the following case:
        #
        # async def test_waitfor():
        #     func_started = False
        #
        #     async def func():
        #         nonlocal func_started
        #         func_started = True
        #
        #     try:
        #         await asyncio.wait_for(func(), 0)
        #     except asyncio.TimeoutError:
        #         assert not func_started
        #     else:
        #         assert False
        #
        # asyncio.run(test_waitfor())
    
    
        if timeout is not None and timeout &lt;= 0:
            fut = ensure_future(fut)
    
            if fut.done():
                return fut.result()
    
            await _cancel_and_wait(fut)
            try:
                return fut.result()
            except exceptions.CancelledError as exc:
                raise TimeoutError from exc
    
        async with timeouts.timeout(timeout):
&gt;           return await fut
                   ^^^^^^^^^

../../../.local/share/uv/python/cpython-3.12.13-macos-aarch64-none/lib/python3.12/asyncio/tasks.py:520: 
_ _ _ _ _ _ _ _ _ _ _ _ _ _ _ _ _ _ _ _ _ _ _ _ _ _ _ _ _ _ _ _ _ _ _ _ _ _ _ _ 
app/services/research_runs.py:757: in wait
    await task
app/services/research_runs.py:802: in _execute
    result = await self.research.run(
app/services/research.py:636: in run
    await self.index.rebuild_async()
app/services/index.py:138: in rebuild_async
    return await asyncio.to_thread(self.rebuild)
           ^^^^^^^^^^^^^^^^^^^^^^^^^^^^^^^^^^^^^
_ _ _ _ _ _ _ _ _ _ _ _ _ _ _ _ _ _ _ _ _ _ _ _ _ _ _ _ _ _ _ _ _ _ _ _ _ _ _ _ 

func = &lt;bound method IndexService.rebuild of &lt;app.services.index.IndexService object at 0x10a1d0260&gt;&gt;
args = (), kwargs = {}
loop = &lt;_UnixSelectorEventLoop running=False closed=False debug=False&gt;
ctx = &lt;_contextvars.Context object at 0x10a06be80&gt;
func_call = functools.partial(&lt;built-in method run of _contextvars.Context object at 0x10a06be80&gt;, &lt;bound method IndexService.rebuild of &lt;app.services.index.IndexService object at 0x10a1d0260&gt;&gt;)

    async def to_thread(func, /, *args, **kwargs):
        """Asynchronously run function *func* in a separate thread.
    
        Any *args and **kwargs supplied for this function are directly passed
        to *func*. Also, the current :class:`contextvars.Context` is propagated,
        allowing context variables from the main thread to be accessed in the
        separate thread.
    
        Return a coroutine that can be awaited to get the eventual result of *func*.
        """
        loop = events.get_running_loop()
        ctx = contextvars.copy_context()
        func_call = functools.partial(ctx.run, func, *args, **kwargs)
&gt;       return await loop.run_in_executor(None, func_call)
               ^^^^^^^^^^^^^^^^^^^^^^^^^^^^^^^^^^^^^^^^^^^
E       asyncio.exceptions.CancelledError

../../../.local/share/uv/python/cpython-3.12.13-macos-aarch64-none/lib/python3.12/asyncio/threads.py:25: CancelledError

The above exception was the direct cause of the following exception:

app_context = &lt;app.runtime.AppContext object at 0x108b3caa0&gt;

    @pytest.mark.asyncio
    async def test_timeout_research_run_finishes_and_does_not_move_respond_backward(app_context):
        app_context.matters.move_stage("MAT-DEMO-BEACON", "respond")
    
        async def hanging_search(*args, **kwargs):
            await asyncio.Event().wait()
    
        app_context.research.search.search_external = hanging_search
        app_context.research.configure({
            "primary_external_provider": "tavily",
            "fallback_external_provider": "polaris",
            "external_timeout_seconds": 0.02,
        })
        runs = ResearchRunService(app_context.vault, app_context.research)
        started = runs.start("MAT-DEMO-BEACON", ["Which rules control?"])
    
&gt;       await asyncio.wait_for(runs.wait(started["run_id"]), timeout=0.4)

tests/test_research.py:207: 
_ _ _ _ _ _ _ _ _ _ _ _ _ _ _ _ _ _ _ _ _ _ _ _ _ _ _ _ _ _ _ _ _ _ _ _ _ _ _ _ 
../../../.local/share/uv/python/cpython-3.12.13-macos-aarch64-none/lib/python3.12/asyncio/tasks.py:519: in wait_for
    async with timeouts.timeout(timeout):
               ^^^^^^^^^^^^^^^^^^^^^^^^^
_ _ _ _ _ _ _ _ _ _ _ _ _ _ _ _ _ _ _ _ _ _ _ _ _ _ _ _ _ _ _ _ _ _ _ _ _ _ _ _ 

self = &lt;Timeout [expired]&gt;
exc_type = &lt;class 'asyncio.exceptions.CancelledError'&gt;
exc_val = CancelledError(), exc_tb = &lt;traceback object at 0x10a0b7600&gt;

    async def __aexit__(
        self,
        exc_type: Optional[Type[BaseException]],
        exc_val: Optional[BaseException],
        exc_tb: Optional[TracebackType],
    ) -&gt; Optional[bool]:
        assert self._state in (_State.ENTERED, _State.EXPIRING)
    
        if self._timeout_handler is not None:
            self._timeout_handler.cancel()
            self._timeout_handler = None
    
        if self._state is _State.EXPIRING:
            self._state = _State.EXPIRED
    
            if self._task.uncancel() &lt;= self._cancelling and exc_type is exceptions.CancelledError:
                # Since there are no new cancel requests, we're
                # handling this.
&gt;               raise TimeoutError from exc_val
E               TimeoutError

../../../.local/share/uv/python/cpython-3.12.13-macos-aarch64-none/lib/python3.12/asyncio/timeouts.py:115: TimeoutError</failure></testcase><testcase classname="tests.test_research" name="test_research_completes_only_supplied_exact_work_item" time="1.032" /><testcase classname="tests.test_research" name="test_research_uses_bound_main_agent_without_changing_manual_behavior" time="0.673" /><testcase classname="tests.test_research" name="test_research_provider_output_saves_issue_paths_through_packet_boundary" time="0.721" /><testcase classname="tests.test_research" name="test_research_run_freezes_issue_and_input_when_queued" time="0.641" /><testcase classname="tests.test_research" name="test_queued_research_prompt_uses_frozen_request_and_internal_sources" time="1.349" /><testcase classname="tests.test_research" name="test_generated_research_prompt_is_bounded_without_losing_final_instructions" time="0.000" /><testcase classname="tests.test_research" name="test_queued_issue_research_uses_frozen_facts_and_cannot_replace_current_after_fact_change" time="1.066" /><testcase classname="tests.test_research" name="test_research_refreshes_precomputed_dossier_orientation" time="1.583" /><testcase classname="tests.test_research" name="test_research_reports_saved_packet_before_orientation_follow_up" time="0.808" /><testcase classname="tests.test_research" name="test_research_run_reuses_saved_provider_selection" time="17.314" /><testcase classname="tests.test_research" name="test_automatic_research_run_moves_active_research_to_explore" time="1.794" /><testcase classname="tests.test_research" name="test_automatic_research_enters_research_while_intake_run_is_active" time="2.021" /><testcase classname="tests.test_research" name="test_chat_research_tool_waits_for_source_choice" time="0.677" /><testcase classname="tests.test_research" name="test_chat_reply_contains_source_confirmation_before_background_research" time="0.624" /><testcase classname="tests.test_research" name="test_failed_research_run_returns_explore_matter" time="1.582" /><testcase classname="tests.test_research" name="test_research_provider_resolution_failure_leaves_intake_without_run" time="0.531" /><testcase classname="tests.test_research" name="test_automatic_research_is_limited_to_three_questions" time="3.687" /><testcase classname="tests.test_research" name="test_research_queue_adds_while_running_and_continues_in_order" time="2.406" /><testcase classname="tests.test_research" name="test_research_queue_reorders_only_pending_items" time="0.417" /><testcase classname="tests.test_research" name="test_three_question_batch_is_independent_reorderable_and_idempotent" time="1.800" /><testcase classname="tests.test_research" name="test_legacy_multi_question_record_still_executes_once" time="0.918" /><testcase classname="tests.test_research" name="test_restart_resumes_independent_items_without_duplicates" time="1.185" /><testcase classname="tests.test_research" name="test_cancelling_research_does_not_start_queued_tail" time="0.692" /><testcase classname="tests.test_research" name="test_stop_research_interrupts_running_and_queued_items_without_losing_results" time="1.056" /><testcase classname="tests.test_research" name="test_user_stopped_research_can_resume_without_starting_the_interrupted_tail" time="0.778" /><testcase classname="tests.test_research" name="test_failed_research_retry_keeps_identity_selection_and_increments_attempt" time="0.710" /><testcase classname="tests.test_research" name="test_resumed_research_keeps_completed_results_and_runs_only_remainder" time="0.804" /><testcase classname="tests.test_research" name="test_startup_marks_unfinished_research_runs_interrupted" time="1.221" /><testcase classname="tests.test_research" name="test_restart_interruption_is_terminal_until_resume_and_resume_clears_finish_time" time="0.704" /><testcase classname="tests.test_research" name="test_research_failure_preserves_labeled_useful_packet" time="0.852" /><testcase classname="tests.test_research" name="test_blank_research_intent_uses_matter_title" time="1.129" /><testcase classname="tests.test_research" name="test_missing_source_keys_preserve_packet_with_citation_warning" time="0.982" /><testcase classname="tests.test_research" name="test_research_source_lines_use_clean_label_and_bounded_body_excerpt" time="1.072" /><testcase classname="tests.test_research" name="test_research_excludes_chat_runs_packets_and_duplicate_dossiers_as_support" time="1.056" /><testcase classname="tests.test_research" name="test_polaris_public_material_is_synthesized_locally_and_labeled_supplied" time="1.019" /><testcase classname="tests.test_research" name="test_provider_diagnostics_stay_in_metadata_not_lawyer_packet" time="1.930" /><testcase classname="tests.test_research" name="test_only_explicit_retrieved_or_verified_sources_count_as_external_authority" time="0.395" /><testcase classname="tests.test_research" name="test_private_polaris_question_is_blocked_before_network_and_kept_local" time="0.941" /><testcase classname="tests.test_research" name="test_research_uses_one_async_rebuild_after_its_compound_mutations" time="0.668" /><testcase classname="tests.test_research" name="test_research_rebuilds_after_warning_metadata_is_finalized" time="0.671" /><testcase classname="tests.test_research" name="test_research_preserves_useful_prose_when_runner_fails_after_answer" time="1.167" /><testcase classname="tests.test_research" name="test_http_research_start_runs_on_the_application_loop[research-runs]" time="2.502" /><testcase classname="tests.test_research" name="test_http_research_start_runs_on_the_application_loop[research]" time="2.186" /><testcase classname="tests.test_dossier_record_context" name="test_hidden_retention_marker_is_not_a_business_question" time="0.451" /><testcase classname="tests.test_dossier_record_context" name="test_generation_considers_other_conversations_and_old_assistant_analysis" time="0.555" /><testcase classname="tests.test_dossier_record_context" name="test_dossier_uses_original_request_but_not_prior_synthesis_as_primary_input" time="0.477" /><testcase classname="tests.test_dossier_record_context" name="test_reader_reaches_full_old_passages_and_keeps_the_captured_version" time="0.480" /><testcase classname="tests.test_dossier_record_context" name="test_scope_order_exclusions_and_other_matters_are_preserved" time="0.494" /><testcase classname="tests.test_dossier_record_context" name="test_documents_outside_initial_excerpt_are_available_and_new_edits_require_review" time="0.524" /><testcase classname="tests.test_dossier_record_context" name="test_writer_reads_old_record_and_rejects_mutations_without_changing_question" time="0.551" /><testcase classname="tests.test_dossier_record_context" name="test_read_deadline_reserves_an_answer_only_attempt" time="0.585" /><testcase classname="tests.test_dossier_record_context" name="test_read_failure_and_read_limit_do_not_prevent_final_answer" time="0.518" /><testcase classname="tests.test_dossier_record_context" name="test_failed_final_attempt_keeps_partial_analysis_and_the_prior_dossier" time="0.557" /><testcase classname="tests.test_problem_analysis_integration" name="test_actual_chat_and_recommendation_save_publish_map" time="4.580" /><testcase classname="tests.test_problem_analysis_integration" name="test_ineligible_or_malformed_turn_keeps_prior[scenario]" time="2.759" /><testcase classname="tests.test_problem_analysis_integration" name="test_ineligible_or_malformed_turn_keeps_prior[preview]" time="2.903" /><testcase classname="tests.test_problem_analysis_integration" name="test_ineligible_or_malformed_turn_keeps_prior[artifact]" time="3.382" /><testcase classname="tests.test_problem_analysis_integration" name="test_ineligible_or_malformed_turn_keeps_prior[no-save]" time="3.311" /><testcase classname="tests.test_problem_analysis_integration" name="test_ineligible_or_malformed_turn_keeps_prior[malformed]" time="3.338" /><testcase classname="tests.test_problem_analysis_integration" name="test_intake_observes_saved_facts_before_final_map" time="1.934" /><testcase classname="tests.test_problem_analysis_integration" name="test_wording_edit_needs_no_research_or_map" time="1.514" /><testcase classname="tests.test_problem_analysis_integration" name="test_final_recovery_keeps_optional_map[failure]" time="2.123" /><testcase classname="tests.test_problem_analysis_integration" name="test_final_recovery_keeps_optional_map[step_limit]" time="6.281" /><testcase classname="tests.test_problem_analysis_integration" name="test_real_research_queue_publishes_packet_and_replays[matter]" time="2.253" /><testcase classname="tests.test_problem_analysis_integration" name="test_real_research_queue_publishes_packet_and_replays[issue]" time="1.812" /><testcase classname="tests.test_problem_analysis_integration" name="test_real_research_queue_publishes_packet_and_replays[concurrent_fact]" time="1.659" /><testcase classname="tests.test_problem_analysis_integration" name="test_real_research_queue_publishes_packet_and_replays[malformed]" time="1.749" /><testcase classname="tests.test_problem_analysis_integration" name="test_public_passage_map_and_pointer_retry_use_saved_packet" time="4.651" /><testcase classname="tests.test_problem_analysis_integration" name="test_history_http_is_exact_and_read_only" time="2.054" /><testcase classname="tests.test_problem_analysis_integration" name="test_typed_answer_returns_observed_basis_before_map" time="2.693" /><testcase classname="tests.test_problem_analysis_integration" name="test_actual_correction_reassesses_without_erasing_prior" time="4.090" /><testcase classname="tests.test_fixture_isolation" name="test_fixture_source_is_not_the_workspace_vault" time="0.001" /><testcase classname="tests.test_fixture_isolation" name="test_fake_live_sentinel_and_sqlite_journal_are_not_copied" time="0.064" /><testcase classname="tests.test_fixture_isolation" name="test_committed_fixture_has_no_runtime_database_or_temporary_files" time="0.006" /><testcase classname="tests.test_fixture_isolation" name="test_committed_fixture_has_no_experiments_or_user_annotations" time="0.013" /><testcase classname="tests.test_fixture_isolation" name="test_scripted_research_fixture_also_isolates_the_dossier_writer" time="0.468" /></testsuite></testsuites>